0 info it worked if it ends with ok
1 verbose cli [ 'C:\\Program Files\\nodejs\\node.exe',
1 verbose cli   'C:\\Program Files\\nodejs\\node_modules\\npm\\bin\\npm-cli.js',
1 verbose cli   'run',
1 verbose cli   'dev' ]
2 info using npm@3.10.10
3 info using node@v6.10.3
4 verbose run-script [ 'predev', 'dev', 'postdev' ]
5 info lifecycle build-react-app-tchapi@1.0.0~predev: build-react-app-tchapi@1.0.0
6 silly lifecycle build-react-app-tchapi@1.0.0~predev: no script for predev, continuing
7 info lifecycle build-react-app-tchapi@1.0.0~dev: build-react-app-tchapi@1.0.0
8 verbose lifecycle build-react-app-tchapi@1.0.0~dev: unsafe-perm in lifecycle true
9 verbose lifecycle build-react-app-tchapi@1.0.0~dev: PATH: C:\Program Files\nodejs\node_modules\npm\bin\node-gyp-bin;C:\Users\MSI\Desktop\build\node_modules\.bin;C:\Users\MSI\Desktop\cmder\bin;C:\Users\MSI\Desktop\cmder\vendor\conemu-maximus5\ConEmu\Scripts;C:\Users\MSI\Desktop\cmder\vendor\conemu-maximus5;C:\Users\MSI\Desktop\cmder\vendor\conemu-maximus5\ConEmu;C:\Program Files (x86)\Common Files\Intel\Shared Libraries\redist\intel64\compiler;C:\ProgramData\Oracle\Java\javapath;C:\Program Files (x86)\Intel\iCLS Client\;C:\Program Files\Intel\iCLS Client\;C:\Windows\system32;C:\Windows;C:\Windows\System32\Wbem;C:\Windows\System32\WindowsPowerShell\v1.0\;C:\Program Files (x86)\Intel\Intel(R) Management Engine Components\DAL;C:\Program Files\Intel\Intel(R) Management Engine Components\DAL;C:\Program Files (x86)\Intel\Intel(R) Management Engine Components\IPT;C:\Program Files\Intel\Intel(R) Management Engine Components\IPT;C:\Program Files (x86)\NVIDIA Corporation\PhysX\Common;C:\Program Files\Git\cmd;D:\MAMP\bin\php\php7.0.9;C:\ProgramData\ComposerSetup\bin;C:\MAMP\bin\php\php7.0.13;C:\Program Files\nodejs\;C:\WINDOWS\system32;C:\WINDOWS;C:\WINDOWS\System32\Wbem;C:\WINDOWS\System32\WindowsPowerShell\v1.0\;C:\Program Files (x86)\Yarn\bin;C:\ProgramData\chocolatey\bin;C:\Gradle\gradle-4.4.1\bin;C:\Users\MSI\AppData\Local\Android\sdk\platform-tools;C:\Users\MSI\AppData\Local\Android\sdk\tools;C:\Ruby24-x64\bin;C:\Ruby23-x64\bin;C:\Users\MSI\Miniconda3;C:\Users\MSI\Miniconda3\Scripts;C:\Users\MSI\Miniconda3\Library\bin;C:\Users\MSI\AppData\Local\Microsoft\WindowsApps;C:\Users\MSI\AppData\Roaming\Composer\vendor\bin;C:\Users\MSI\AppData\Roaming\npm;C:\Users\MSI\AppData\Local\Yarn\bin;C:\Users\MSI\AppData\Local\.meteor;;C:\Program Files\Microsoft VS Code\bin;C:\Program Files\Git\usr\bin;C:\Program Files\Git\usr\share\vim\vim74;C:\Users\MSI\Desktop\cmder\
10 verbose lifecycle build-react-app-tchapi@1.0.0~dev: CWD: C:\Users\MSI\Desktop\build
11 silly lifecycle build-react-app-tchapi@1.0.0~dev: Args: [ '/d /s /c',
11 silly lifecycle   'cross-env NODE_ENV=development webpack-dev-server --hot' ]
12 silly lifecycle build-react-app-tchapi@1.0.0~dev: Returned: code: 3221225786  signal: null
13 info lifecycle build-react-app-tchapi@1.0.0~dev: Failed to exec dev script
14 verbose stack Error: build-react-app-tchapi@1.0.0 dev: `cross-env NODE_ENV=development webpack-dev-server --hot`
14 verbose stack Exit status 3221225786
14 verbose stack     at EventEmitter.<anonymous> (C:\Program Files\nodejs\node_modules\npm\lib\utils\lifecycle.js:255:16)
14 verbose stack     at emitTwo (events.js:106:13)
14 verbose stack     at EventEmitter.emit (events.js:191:7)
14 verbose stack     at ChildProcess.<anonymous> (C:\Program Files\nodejs\node_modules\npm\lib\utils\spawn.js:40:14)
14 verbose stack     at emitTwo (events.js:106:13)
14 verbose stack     at ChildProcess.emit (events.js:191:7)
14 verbose stack     at maybeClose (internal/child_process.js:886:16)
14 verbose stack     at Process.ChildProcess._handle.onexit (internal/child_process.js:226:5)
15 verbose pkgid build-react-app-tchapi@1.0.0
16 verbose cwd C:\Users\MSI\Desktop\build
17 error Windows_NT 10.0.16299
18 error argv "C:\\Program Files\\nodejs\\node.exe" "C:\\Program Files\\nodejs\\node_modules\\npm\\bin\\npm-cli.js" "run" "dev"
19 error node v6.10.3
20 error npm  v3.10.10
21 error code ELIFECYCLE
22 error build-react-app-tchapi@1.0.0 dev: `cross-env NODE_ENV=development webpack-dev-server --hot`
22 error Exit status 3221225786
23 error Failed at the build-react-app-tchapi@1.0.0 dev script 'cross-env NODE_ENV=development webpack-dev-server --hot'.
23 error Make sure you have the latest version of node.js and npm installed.
23 error If you do, this is most likely a problem with the build-react-app-tchapi package,
23 error not with npm itself.
23 error Tell the author that this fails on your system:
23 error     cross-env NODE_ENV=development webpack-dev-server --hot
23 error You can get information on how to open an issue for this project with:
23 error     npm bugs build-react-app-tchapi
23 error Or if that isn't available, you can get their info via:
23 error     npm owner ls build-react-app-tchapi
23 error There is likely additional logging output above.
24 verbose exit [ 1, true ]
